[13 November 2023 at 9:14 am] [info] instantiating restore controller 482fa10180497236755e29e2d821e721
[13 November 2023 at 9:14 am] [debug] setting controller status to 100
[13 November 2023 at 9:14 am] [debug] loading backup info
[13 November 2023 at 9:14 am] [debug] loading controller plan
[13 November 2023 at 9:14 am] [debug] setting controller status to 300
[13 November 2023 at 9:14 am] [debug] applying restore defaults
[13 November 2023 at 9:14 am] [debug] Unknown setting: questionbank
[13 November 2023 at 9:14 am] [debug] Unknown setting: overwrite_conf
[13 November 2023 at 9:14 am] [debug] Unknown setting: course_fullname
[13 November 2023 at 9:14 am] [debug] Unknown setting: course_shortname
[13 November 2023 at 9:14 am] [debug] Unknown setting: course_startdate
[13 November 2023 at 9:14 am] [debug] Unknown setting: questionbank
[13 November 2023 at 9:14 am] [debug] setting controller status to 400
[13 November 2023 at 9:14 am] [info] checking plan security
[13 November 2023 at 9:14 am] [debug] setting controller status to 600
[13 November 2023 at 9:14 am] [debug] saving controller to db
[13 November 2023 at 9:14 am] [debug] calculating controller checksum cf77e6e95bbcc193aae3cadb294eb590
[13 November 2023 at 9:14 am] [debug] loading controller from db
[13 November 2023 at 9:14 am] [debug] setting controller status to 700
[13 November 2023 at 9:14 am] [debug] saving controller to db
[13 November 2023 at 9:14 am] [debug] calculating controller checksum 96901a7ce7a35ba5b60118b2c8b46970
[13 November 2023 at 9:14 am] [debug] loading controller from db
[13 November 2023 at 9:14 am] [debug] setting controller status to 800
[13 November 2023 at 9:14 am] [debug] saving controller to db
[13 November 2023 at 9:14 am] [debug] calculating controller checksum 8bdc5ea6601dd249244558d671c9e80c
[13 November 2023 at 9:14 am] [debug] loading controller from db
[13 November 2023 at 9:14 am] [debug] processing file aliases queue. 0 entries.
[13 November 2023 at 9:14 am] [debug] setting controller status to 1000
[13 November 2023 at 9:14 am] [debug] saving controller to db
