[14 November 2023 at 11:28 am] [info] instantiating restore controller 67e6f23ca1936cf44e8d9bc30753ec64
[14 November 2023 at 11:28 am] [debug] setting controller status to 100
[14 November 2023 at 11:28 am] [debug] loading backup info
[14 November 2023 at 11:28 am] [debug] loading controller plan
[14 November 2023 at 11:28 am] [debug] setting controller status to 300
[14 November 2023 at 11:28 am] [debug] applying restore defaults
[14 November 2023 at 11:28 am] [debug] Unknown setting: questionbank
[14 November 2023 at 11:28 am] [debug] Unknown setting: overwrite_conf
[14 November 2023 at 11:28 am] [debug] Unknown setting: course_fullname
[14 November 2023 at 11:28 am] [debug] Unknown setting: course_shortname
[14 November 2023 at 11:28 am] [debug] Unknown setting: course_startdate
[14 November 2023 at 11:28 am] [debug] Unknown setting: questionbank
[14 November 2023 at 11:28 am] [debug] setting controller status to 400
[14 November 2023 at 11:28 am] [info] checking plan security
[14 November 2023 at 11:28 am] [debug] setting controller status to 600
[14 November 2023 at 11:28 am] [debug] saving controller to db
[14 November 2023 at 11:28 am] [debug] calculating controller checksum 7103c21119226b32148bed0549ea72f9
[14 November 2023 at 11:28 am] [debug] loading controller from db
[14 November 2023 at 11:28 am] [debug] setting controller status to 700
[14 November 2023 at 11:28 am] [debug] saving controller to db
[14 November 2023 at 11:28 am] [debug] calculating controller checksum cd366bc1aaa123acbeed710ab93d044f
[14 November 2023 at 11:28 am] [debug] loading controller from db
[14 November 2023 at 11:28 am] [debug] setting controller status to 800
[14 November 2023 at 11:28 am] [debug] saving controller to db
[14 November 2023 at 11:28 am] [debug] calculating controller checksum 0212fd32aa24920e3e77b817a8815d14
[14 November 2023 at 11:28 am] [debug] loading controller from db
[14 November 2023 at 11:28 am] [debug] processing file aliases queue. 0 entries.
[14 November 2023 at 11:28 am] [debug] setting controller status to 1000
[14 November 2023 at 11:28 am] [debug] saving controller to db
