[14 November 2023 at 11:29 am] [info] instantiating restore controller a8796323530ced5e6b08312580fa47e3
[14 November 2023 at 11:29 am] [debug] setting controller status to 100
[14 November 2023 at 11:29 am] [debug] loading backup info
[14 November 2023 at 11:29 am] [debug] loading controller plan
[14 November 2023 at 11:29 am] [debug] setting controller status to 300
[14 November 2023 at 11:29 am] [debug] applying restore defaults
[14 November 2023 at 11:29 am] [debug] Unknown setting: questionbank
[14 November 2023 at 11:29 am] [debug] Unknown setting: overwrite_conf
[14 November 2023 at 11:29 am] [debug] Unknown setting: course_fullname
[14 November 2023 at 11:29 am] [debug] Unknown setting: course_shortname
[14 November 2023 at 11:29 am] [debug] Unknown setting: course_startdate
[14 November 2023 at 11:29 am] [debug] Unknown setting: questionbank
[14 November 2023 at 11:29 am] [debug] setting controller status to 400
[14 November 2023 at 11:29 am] [info] checking plan security
[14 November 2023 at 11:29 am] [debug] setting controller status to 600
[14 November 2023 at 11:29 am] [debug] saving controller to db
[14 November 2023 at 11:29 am] [debug] calculating controller checksum ef809076bfcc763285bd5e8dbba5d525
[14 November 2023 at 11:29 am] [debug] loading controller from db
[14 November 2023 at 11:29 am] [debug] setting controller status to 700
[14 November 2023 at 11:29 am] [debug] saving controller to db
[14 November 2023 at 11:29 am] [debug] calculating controller checksum 91d7e7f5160f5b559def5ccdedbd5779
[14 November 2023 at 11:29 am] [debug] loading controller from db
[14 November 2023 at 11:29 am] [debug] setting controller status to 800
[14 November 2023 at 11:29 am] [debug] saving controller to db
[14 November 2023 at 11:29 am] [debug] calculating controller checksum 61620bea7d95ec8a7c001a73f1a1fd8a
[14 November 2023 at 11:29 am] [debug] loading controller from db
[14 November 2023 at 11:29 am] [debug] processing file aliases queue. 0 entries.
[14 November 2023 at 11:29 am] [debug] setting controller status to 1000
[14 November 2023 at 11:29 am] [debug] saving controller to db
